[viettel4gsieutoc.github.io/index.html]
[backblue.gif]
[fade.gif]
[index.html]
[static.ladipage.net/5e1574dd9542d2793a95ceec/logo_viettelsvg-20200313135254.png]
[w.ladicdn.com/v2/source/ladipage.minb831.js]
[w.ladicdn.com/s400x350/5e1574dd9542d2793a95ceec/logo-4g-st-20200313081004.png]
[w.ladicdn.com/s750x450/5e1574dd9542d2793a95ceec/banner-20200313083524.jpg]
[w.ladicdn.com/s350x350/5c7362c6c417ab07e5196b05/df-20191029092328.png]
[w.ladicdn.com/s450x450/58d0e6b2fda5acb75a695c4a/anh-hotgirl-ha-trang-cuc-nong-bong-la-ban-gai-cua-ha-duc-chinh-20191226100918.jpg]
[w.ladicdn.com/s450x450/58d0e6b2fda5acb75a695c4a/24e0330e424eab10f25f-20191225043230.jpg]
[w.ladicdn.com/s450x450/58d0e6b2fda5acb75a695c4a/tang-thanh-ha-om-chat-chong-cuoi-rang-ro-o-my-tang-thanh-ha-1-20200108101109.jpg]
[w.ladicdn.com/s450x450/58d0e6b2fda5acb75a695c4a/1465184929-anh-3-20200108101141.jpg]
[w.ladicdn.com/s450x450/58d0e6b2fda5acb75a695c4a/13151599_807990012635341_3384564945476612801_n_1-20200108101158.jpg]
[w.ladicdn.com/s450x450/58d0e6b2fda5acb75a695c4a/1470818726-147080021583076-ky-duyen-14-20200108101634.jpg]
[w.ladicdn.com/s450x450/58d0e6b2fda5acb75a695c4a/quang5-1479090780784-17-0-613-960-crop-1479090789825-20191225043549.jpg]
[w.ladicdn.com/s450x400/5e1574dd9542d2793a95ceec/logo_viettelsvg-20200313135254.png]
[w.ladicdn.com/s450x450/5e1574dd9542d2793a95ceec/konfest-png-jpg-image-pic-photo-free-download-royalty-unlimited-clip-art-sticker-vector-hot-sale-banner-tag-badges-discount-off-offer-shop-shopping-flat-redjqd28]
[w.ladicdn.com/s400x450/5e1574dd9542d2793a95ceec/konfest-png-jpg-image-pic-photo-free-download-royalty-unlimited-clip-art-sticker-vector-hot-sale-banner-tag-badges-discount-off-offer-shop-shopping-flat-redjqd28]
[viettel4gsieutoc.github.io/index.html]
[w.ladicdn.com/v2/source/ladipage.minb831.css]
[viettel4gsieutoc.github.io/demopage.html]
